<?xml version="1.0" encoding="UTF-8"?>
<!-- Generated by org.testng.reporters.JUnitXMLReporter -->
<testsuite ignored="0" hostname="DESKTOP-I0EUP4M" failures="0" tests="3" name="Test5" time="13.885" errors="0" timestamp="2023-12-09T10:01:22 EET">
  <testcase classname="com.seleniumproject.jobeTitles.ShowJobTitlesTest" name="testChangeFirstInputField" time="4.493"/>
  <testcase classname="com.seleniumproject.jobeTitles.ShowJobTitlesTest" name="testSearch" time="4.522"/>
  <testcase classname="com.seleniumproject.jobeTitles.ShowJobTitlesTest" name="testDeleteFirstInput" time="4.866"/>
</testsuite> <!-- Test5 -->
