<?xml version="1.0" encoding="UTF-8"?>
<!-- Generated by org.testng.reporters.JUnitXMLReporter -->
<testsuite ignored="0" hostname="DESKTOP-I0EUP4M" failures="0" tests="3" name="Test3" time="15.41" errors="0" timestamp="2023-12-09T10:01:09 EET">
  <testcase classname="com.seleniumproject.activityTypes.activityTypesTest" name="testChangeFirstInputField" time="5.786"/>
  <testcase classname="com.seleniumproject.activityTypes.activityTypesTest" name="testSearch" time="4.914"/>
  <testcase classname="com.seleniumproject.activityTypes.activityTypesTest" name="testDeleteFirstInput" time="4.705"/>
</testsuite> <!-- Test3 -->
