<?xml version="1.0" encoding="UTF-8"?>
<!-- Generated by org.testng.reporters.JUnitXMLReporter -->
<testsuite ignored="0" hostname="DESKTOP-I0EUP4M" failures="0" tests="3" name="Test7" time="14.043" errors="0" timestamp="2023-12-09T10:01:32 EET">
  <testcase classname="com.seleniumproject.Officials.ShowOfficialsPageTest" name="testChangeFirstInputField" time="4.475"/>
  <testcase classname="com.seleniumproject.Officials.ShowOfficialsPageTest" name="testSearch" time="4.781"/>
  <testcase classname="com.seleniumproject.Officials.ShowOfficialsPageTest" name="testDeleteFirstInput" time="4.782"/>
</testsuite> <!-- Test7 -->
