<?xml version="1.0" encoding="UTF-8"?>
<!-- Generated by org.testng.reporters.JUnitXMLReporter -->
<testsuite ignored="0" hostname="DESKTOP-I0EUP4M" failures="0" tests="4" name="Test1" time="16.283" errors="0" timestamp="2023-12-09T10:01:03 EET">
  <testcase classname="com.seleniumproject.LoginTest" name="testChangeLanguage" time="4.392"/>
  <testcase classname="com.seleniumproject.LoginTest" name="testInvalidLogin" time="4.323"/>
  <testcase classname="com.seleniumproject.LoginTest" name="testLogin" time="3.213"/>
  <testcase classname="com.seleniumproject.LoginTest" name="testLogout" time="4.324"/>
</testsuite> <!-- Test1 -->
