<?xml version="1.0" encoding="UTF-8"?>
<testsuite xmlns:xsi="http://www.w3.org/2001/XMLSchema-instance" xsi:noNamespaceSchemaLocation="https://maven.apache.org/surefire/maven-surefire-plugin/xsd/surefire-test-report-3.0.xsd" version="3.0" name="TestSuite" time="46.387" tests="17" errors="0" skipped="0" failures="0">
  <properties>
[...]
</properties>
  <testcase name="testChangeLanguage" classname="com.seleniumproject.LoginTest" time="4.394">
    <system-err><![CDATA[[main] WARN org.testng.xml.TestNGContentHandler - It is strongly recommended to add "<!DOCTYPE suite SYSTEM "https://testng.org/testng-1.0.dtd" >" at the top of the suite file [C:\Users\Mohmmad\Documents\vsProject\java\selenium_project\src\testng.xml] otherwise TestNG may fail or not work as expected.
Dec 09, 2023 10:00:49 AM org.openqa.selenium.devtools.CdpVersionFinder findNearestMatch
WARNING: Unable to find an exact match for CDP version 120, returning the closest version; found: 119; Please update to a Selenium version that supports CDP version 120
Dec 09, 2023 10:00:49 AM org.openqa.selenium.devtools.CdpVersionFinder findNearestMatch
WARNING: Unable to find an exact match for CDP version 120, returning the closest version; found: 119; Please update to a Selenium version that supports CDP version 120
]]></system-err>
  </testcase>
  <testcase name="testInvalidLogin" classname="com.seleniumproject.LoginTest" time="1.624">
    <system-err><![CDATA[Dec 09, 2023 10:00:55 AM org.openqa.selenium.devtools.CdpVersionFinder findNearestMatch
WARNING: Unable to find an exact match for CDP version 120, returning the closest version; found: 119; Please update to a Selenium version that supports CDP version 120
]]></system-err>
  </testcase>
  <testcase name="testLogin" classname="com.seleniumproject.LoginTest" time="3.213">
    <system-err><![CDATA[Dec 09, 2023 10:00:56 AM org.openqa.selenium.devtools.CdpVersionFinder findNearestMatch
WARNING: Unable to find an exact match for CDP version 120, returning the closest version; found: 119; Please update to a Selenium version that supports CDP version 120
]]></system-err>
  </testcase>
  <testcase name="testLogout" classname="com.seleniumproject.LoginTest" time="3.37">
    <system-err><![CDATA[Dec 09, 2023 10:00:59 AM org.openqa.selenium.devtools.CdpVersionFinder findNearestMatch
WARNING: Unable to find an exact match for CDP version 120, returning the closest version; found: 119; Please update to a Selenium version that supports CDP version 120
Dec 09, 2023 10:01:00 AM org.openqa.selenium.devtools.CdpVersionFinder findNearestMatch
WARNING: Unable to find an exact match for CDP version 120, returning the closest version; found: 119; Please update to a Selenium version that supports CDP version 120
]]></system-err>
  </testcase>
  <testcase name="addActivityType" classname="com.seleniumproject.activityTypes.addActivityTypesTest" time="2.665">
    <system-err><![CDATA[ERROR StatusLogger Log4j2 could not find a logging implementation. Please add log4j-core to the classpath. Using SimpleLogger to log to the console...
Dec 09, 2023 10:00:52 AM org.openqa.selenium.devtools.CdpVersionFinder findNearestMatch
WARNING: Unable to find an exact match for CDP version 120, returning the closest version; found: 119; Please update to a Selenium version that supports CDP version 120
]]></system-err>
  </testcase>
  <testcase name="testChangeFirstInputField" classname="com.seleniumproject.activityTypes.activityTypesTest" time="0.947"/>
  <testcase name="testSearch" classname="com.seleniumproject.activityTypes.activityTypesTest" time="1.534">
    <system-err><![CDATA[Dec 09, 2023 10:01:04 AM org.openqa.selenium.devtools.CdpVersionFinder findNearestMatch
WARNING: Unable to find an exact match for CDP version 120, returning the closest version; found: 119; Please update to a Selenium version that supports CDP version 120
]]></system-err>
  </testcase>
  <testcase name="testDeleteFirstInput" classname="com.seleniumproject.activityTypes.activityTypesTest" time="1.134">
    <system-err><![CDATA[Dec 09, 2023 10:01:09 AM org.openqa.selenium.devtools.CdpVersionFinder findNearestMatch
WARNING: Unable to find an exact match for CDP version 120, returning the closest version; found: 119; Please update to a Selenium version that supports CDP version 120
]]></system-err>
  </testcase>
  <testcase name="testAddTobTitle" classname="com.seleniumproject.jobeTitles.addJobTitlesTest" time="3.565">
    <system-err><![CDATA[Dec 09, 2023 10:01:05 AM org.openqa.selenium.devtools.CdpVersionFinder findNearestMatch
WARNING: Unable to find an exact match for CDP version 120, returning the closest version; found: 119; Please update to a Selenium version that supports CDP version 120
]]></system-err>
  </testcase>
  <testcase name="testChangeFirstInputField" classname="com.seleniumproject.jobeTitles.ShowJobTitlesTest" time="3.356">
    <system-err><![CDATA[Dec 09, 2023 10:01:10 AM org.openqa.selenium.devtools.CdpVersionFinder findNearestMatch
WARNING: Unable to find an exact match for CDP version 120, returning the closest version; found: 119; Please update to a Selenium version that supports CDP version 120
]]></system-err>
  </testcase>
  <testcase name="testSearch" classname="com.seleniumproject.jobeTitles.ShowJobTitlesTest" time="3.041">
    <system-err><![CDATA[Dec 09, 2023 10:01:15 AM org.openqa.selenium.devtools.CdpVersionFinder findNearestMatch
WARNING: Unable to find an exact match for CDP version 120, returning the closest version; found: 119; Please update to a Selenium version that supports CDP version 120
]]></system-err>
  </testcase>
  <testcase name="testDeleteFirstInput" classname="com.seleniumproject.jobeTitles.ShowJobTitlesTest" time="3.411">
    <system-err><![CDATA[Dec 09, 2023 10:01:19 AM org.openqa.selenium.devtools.CdpVersionFinder findNearestMatch
WARNING: Unable to find an exact match for CDP version 120, returning the closest version; found: 119; Please update to a Selenium version that supports CDP version 120
]]></system-err>
  </testcase>
  <testcase name="addOfficial" classname="com.seleniumproject.Officials.addOfficialsTest" time="1.482">
    <system-err><![CDATA[Dec 09, 2023 10:01:13 AM org.openqa.selenium.devtools.CdpVersionFinder findNearestMatch
WARNING: Unable to find an exact match for CDP version 120, returning the closest version; found: 119; Please update to a Selenium version that supports CDP version 120
]]></system-err>
  </testcase>
  <testcase name="addOfficial" classname="com.seleniumproject.Officials.addOfficialsTest" time="1.446">
    <system-err><![CDATA[Dec 09, 2023 10:01:18 AM org.openqa.selenium.devtools.CdpVersionFinder findNearestMatch
WARNING: Unable to find an exact match for CDP version 120, returning the closest version; found: 119; Please update to a Selenium version that supports CDP version 120
]]></system-err>
  </testcase>
  <testcase name="testChangeFirstInputField" classname="com.seleniumproject.Officials.ShowOfficialsPageTest" time="4.475"/>
  <testcase name="testSearch" classname="com.seleniumproject.Officials.ShowOfficialsPageTest" time="4.782">
    <system-err><![CDATA[Dec 09, 2023 10:01:24 AM org.openqa.selenium.devtools.CdpVersionFinder findNearestMatch
WARNING: Unable to find an exact match for CDP version 120, returning the closest version; found: 119; Please update to a Selenium version that supports CDP version 120
]]></system-err>
  </testcase>
  <testcase name="testDeleteFirstInput" classname="com.seleniumproject.Officials.ShowOfficialsPageTest" time="4.782">
    <system-err><![CDATA[Dec 09, 2023 10:01:28 AM org.openqa.selenium.devtools.CdpVersionFinder findNearestMatch
WARNING: Unable to find an exact match for CDP version 120, returning the closest version; found: 119; Please update to a Selenium version that supports CDP version 120
]]></system-err>
  </testcase>
</testsuite>